2019-04-30 17:54:40.500 Always, OpenZwave Version 1.4.3428 Starting Up
2019-04-30 17:54:40.501 Info, Setting Up Provided Network Key for Secure Communications
2019-04-30 17:54:40.501 Warning, Failed - Network Key Not Set
2019-04-30 17:54:40.501 Info, mgr,     Added driver for controller /dev/ttyACM0
2019-04-30 17:54:40.501 Info,   Opening controller /dev/ttyACM0
2019-04-30 17:54:40.501 Info, Trying to open serial port /dev/ttyACM0 (attempt 1)
2019-04-30 17:54:40.501 Info, Serial port /dev/ttyACM0 opened (attempt 1)
2019-04-30 17:54:40.501 Detail, contrlr, Queuing (Command) FUNC_ID_ZW_GET_VERSION: 0x01, 0x03, 0x00, 0x15, 0xe9
2019-04-30 17:54:40.501 Detail, contrlr, Queuing (Command) FUNC_ID_ZW_MEMORY_GET_ID: 0x01, 0x03, 0x00, 0x20, 0xdc
2019-04-30 17:54:40.501 Detail, contrlr, Queuing (Command) FUNC_ID_ZW_GET_CONTROLLER_CAPABILITIES: 0x01, 0x03, 0x00, 0x05, 0xf9
2019-04-30 17:54:40.501 Detail, contrlr, Queuing (Command) FUNC_ID_SERIAL_API_GET_CAPABILITIES: 0x01, 0x03, 0x00, 0x07, 0xfb
2019-04-30 17:54:40.501 Detail, contrlr, Queuing (Command) FUNC_ID_ZW_GET_SUC_NODE_ID: 0x01, 0x03, 0x00, 0x56, 0xaa
2019-04-30 17:54:40.501 Detail, 
2019-04-30 17:54:40.501 Info, contrlr, Sending (Command) message (Callback ID=0x00, Expected Reply=0x15) - FUNC_ID_ZW_GET_VERSION: 0x01, 0x03, 0x00, 0x15, 0xe9
2019-04-30 17:54:40.503 Detail, contrlr,   Received: 0x01, 0x10, 0x01, 0x15, 0x5a, 0x2d, 0x57, 0x61, 0x76, 0x65, 0x20, 0x34, 0x2e, 0x35, 0x34, 0x00, 0x01, 0x93
2019-04-30 17:54:40.503 Detail, 
2019-04-30 17:54:40.503 Info, contrlr, Received reply to FUNC_ID_ZW_GET_VERSION:
2019-04-30 17:54:40.503 Info, contrlr,     Static Controller library, version Z-Wave 4.54
2019-04-30 17:54:40.503 Detail, Node045,   Expected reply was received
2019-04-30 17:54:40.503 Detail, Node045,   Message transaction complete
2019-04-30 17:54:40.503 Detail, 
2019-04-30 17:54:40.503 Detail, contrlr, Removing current message
2019-04-30 17:54:40.503 Detail, 
2019-04-30 17:54:40.503 Info, contrlr, Sending (Command) message (Callback ID=0x00, Expected Reply=0x20) - FUNC_ID_ZW_MEMORY_GET_ID: 0x01, 0x03, 0x00, 0x20, 0xdc
2019-04-30 17:54:40.505 Detail, contrlr,   Received: 0x01, 0x08, 0x01, 0x20, 0xdf, 0x30, 0x88, 0xb4, 0x01, 0x04
2019-04-30 17:54:40.505 Detail, 
2019-04-30 17:54:40.505 Info, contrlr, Received reply to FUNC_ID_ZW_MEMORY_GET_ID. Home ID = 0xdf3088b4.  Our node ID = 1
2019-04-30 17:54:40.505 Detail, Node048,   Expected reply was received
2019-04-30 17:54:40.505 Detail, Node048,   Message transaction complete
2019-04-30 17:54:40.506 Detail, 
2019-04-30 17:54:40.506 Detail, contrlr, Removing current message
2019-04-30 17:54:40.506 Detail, 
2019-04-30 17:54:40.506 Info, contrlr, Sending (Command) message (Callback ID=0x00, Expected Reply=0x05) - FUNC_ID_ZW_GET_CONTROLLER_CAPABILITIES: 0x01, 0x03, 0x00, 0x05, 0xf9
2019-04-30 17:54:40.507 Detail, contrlr,   Received: 0x01, 0x04, 0x01, 0x05, 0x1c, 0xe3
2019-04-30 17:54:40.507 Detail, 
2019-04-30 17:54:40.507 Info, contrlr, Received reply to FUNC_ID_ZW_GET_CONTROLLER_CAPABILITIES:
2019-04-30 17:54:40.507 Info, contrlr,     There is a SUC ID Server (SIS) in this network.
2019-04-30 17:54:40.507 Info, contrlr,     The PC controller is an inclusion static update controller (SUC) and was the original primary before the SIS was added.
2019-04-30 17:54:40.507 Detail, Node227,   Expected reply was received
2019-04-30 17:54:40.507 Detail, Node227,   Message transaction complete
2019-04-30 17:54:40.507 Detail, 
2019-04-30 17:54:40.507 Detail, contrlr, Removing current message
2019-04-30 17:54:40.507 Detail, 
2019-04-30 17:54:40.507 Info, contrlr, Sending (Command) message (Callback ID=0x00, Expected Reply=0x07) - FUNC_ID_SERIAL_API_GET_CAPABILITIES: 0x01, 0x03, 0x00, 0x07, 0xfb
2019-04-30 17:54:40.511 Detail, contrlr,   Received: 0x01, 0x2b, 0x01, 0x07, 0x01, 0x01, 0x00, 0x86, 0x00, 0x01, 0x00, 0x5a, 0xfe, 0x81, 0xff, 0x88, 0x4f, 0x1f, 0x00, 0x00, 0xfb, 0x9f, 0x7d, 0xa0, 0x67, 0x00, 0x00, 0x80, 0x00, 0x80, 0x86, 0x00, 0x00, 0x00, 0xe8, 0x73, 0x00, 0x00, 0x0e, 0x00, 0x00, 0x60, 0x00, 0x00, 0xfa
2019-04-30 17:54:40.511 Detail, 
2019-04-30 17:54:40.511 Info, contrlr,  Received reply to FUNC_ID_SERIAL_API_GET_CAPABILITIES
2019-04-30 17:54:40.511 Info, contrlr,     Serial API Version:   1.1
2019-04-30 17:54:40.511 Info, contrlr,     Manufacturer ID:      0x0086
2019-04-30 17:54:40.511 Info, contrlr,     Product Type:         0x0001
2019-04-30 17:54:40.511 Info, contrlr,     Product ID:           0x005a
2019-04-30 17:54:40.511 Detail, contrlr, Queuing (Command) FUNC_ID_ZW_GET_RANDOM: 0x01, 0x04, 0x00, 0x1c, 0x20, 0xc7
2019-04-30 17:54:40.511 Detail, contrlr, Queuing (Command) FUNC_ID_SERIAL_API_GET_INIT_DATA: 0x01, 0x03, 0x00, 0x02, 0xfe
2019-04-30 17:54:40.511 Detail, contrlr, Queuing (Command) FUNC_ID_SERIAL_API_SET_TIMEOUTS: 0x01, 0x05, 0x00, 0x06, 0x64, 0x0f, 0x97
2019-04-30 17:54:40.511 Detail, contrlr, Queuing (Command) FUNC_ID_SERIAL_API_APPL_NODE_INFORMATION: 0x01, 0x07, 0x00, 0x03, 0x01, 0x02, 0x01, 0x00, 0xf9
2019-04-30 17:54:40.511 Detail, Node001,   Expected reply was received
2019-04-30 17:54:40.511 Detail, Node001,   Message transaction complete
2019-04-30 17:54:40.511 Detail, 
2019-04-30 17:54:40.511 Detail, contrlr, Removing current message
2019-04-30 17:54:40.511 Detail, 
2019-04-30 17:54:40.511 Info, contrlr, Sending (Command) message (Callback ID=0x00, Expected Reply=0x56) - FUNC_ID_ZW_GET_SUC_NODE_ID: 0x01, 0x03, 0x00, 0x56, 0xaa
2019-04-30 17:54:40.512 Detail, contrlr,   Received: 0x01, 0x04, 0x01, 0x56, 0x01, 0xad
2019-04-30 17:54:40.512 Detail, 
2019-04-30 17:54:40.512 Info, contrlr, Received reply to GET_SUC_NODE_ID.  Node ID = 1
2019-04-30 17:54:40.512 Detail, Node173,   Expected reply was received
2019-04-30 17:54:40.512 Detail, Node173,   Message transaction complete
2019-04-30 17:54:40.512 Detail, 
2019-04-30 17:54:40.512 Detail, contrlr, Removing current message
2019-04-30 17:54:40.512 Detail, 
2019-04-30 17:54:40.512 Info, contrlr, Sending (Command) message (Callback ID=0x00, Expected Reply=0x1c) - FUNC_ID_ZW_GET_RANDOM: 0x01, 0x04, 0x00, 0x1c, 0x20, 0xc7
2019-04-30 17:54:40.568 Detail, contrlr,   Received: 0x01, 0x25, 0x01, 0x1c, 0x01, 0x20, 0x99, 0x43, 0xae, 0x81, 0xa6, 0x28, 0x2f, 0x82, 0x9f, 0x74, 0xbb, 0x15, 0x01, 0x12, 0xb9, 0x8e, 0x0a, 0x65, 0x52, 0x1a, 0x24, 0x99, 0xf3, 0xfe, 0xc2, 0xb6, 0x6f, 0x89, 0x3d, 0xf3, 0xdf, 0x36, 0x73
2019-04-30 17:54:40.568 Detail, 
2019-04-30 17:54:40.568 Info, contrlr, Received reply to FUNC_ID_ZW_GET_RANDOM: true
2019-04-30 17:54:40.568 Detail, Node032,   Expected reply was received
2019-04-30 17:54:40.569 Detail, Node032,   Message transaction complete
2019-04-30 17:54:40.569 Detail, 
2019-04-30 17:54:40.569 Detail, contrlr, Removing current message
2019-04-30 17:54:40.569 Detail, 
2019-04-30 17:54:40.569 Info, contrlr, Sending (Command) message (Callback ID=0x00, Expected Reply=0x02) - FUNC_ID_SERIAL_API_GET_INIT_DATA: 0x01, 0x03, 0x00, 0x02, 0xfe
2019-04-30 17:54:40.673 Detail, contrlr,   Received: 0x01, 0x25, 0x01, 0x02, 0x05, 0x08, 0x1d, 0x03, 0x00, 0x00, 0x00, 0x00, 0x00, 0x00, 0x00, 0x00, 0x00, 0x00, 0x00, 0x00, 0x00, 0x00, 0x00, 0x00, 0x00, 0x00, 0x00, 0x00, 0x00, 0x00, 0x00, 0x00, 0x00, 0x00, 0x00, 0x00, 0x05, 0x00, 0xcf
2019-04-30 17:54:40.673 Detail, 
2019-04-30 17:54:40.673 Info, mgr,     Driver with Home ID of 0xdf3088b4 is now ready.
2019-04-30 17:54:40.673 Info, 
2019-04-30 17:54:40.676 Info, Value size is invalid. Only 1, 2 & 4 supported for node 2, class 0x33, instance 1, index 1
2019-04-30 17:54:40.677 Detail, Node002, Queuing (Controller) Delete All Return Routes
2019-04-30 17:54:40.677 Detail, Node002, Queuing (Controller) Assign Return Route
2019-04-30 17:54:40.677 Info, contrlr, Received reply to FUNC_ID_SERIAL_API_GET_INIT_DATA:
2019-04-30 17:54:40.677 Info, contrlr,     Node 001 - Known
2019-04-30 17:54:40.677 Detail, Node001, AdvanceQueries queryPending=0 queryRetries=0 queryStage=CacheLoad live=1
2019-04-30 17:54:40.677 Detail, Node001, QueryStage_CacheLoad
2019-04-30 17:54:40.677 Info, Node001, Node Identity Codes: 0086:0001:005a
2019-04-30 17:54:40.677 Detail, Node001, QueryStage_Associations
2019-04-30 17:54:40.677 Detail, Node001, QueryStage_Neighbors
2019-04-30 17:54:40.677 Detail, contrlr, Requesting routing info (neighbor list) for Node 1
2019-04-30 17:54:40.678 Detail, Node001, Queuing (Command) Get Routing Info (Node=1): 0x01, 0x07, 0x00, 0x80, 0x01, 0x00, 0x00, 0x03, 0x7a
2019-04-30 17:54:40.678 Detail, Node001, Queuing (Query) Query Stage Complete (Neighbors)
2019-04-30 17:54:40.678 Info, contrlr,     Node 002 - Known
2019-04-30 17:54:40.678 Detail, Node002, AdvanceQueries queryPending=0 queryRetries=0 queryStage=CacheLoad live=1
2019-04-30 17:54:40.678 Detail, Node002, QueryStage_CacheLoad
2019-04-30 17:54:40.678 Info, Node002, Node Identity Codes: 0086:0003:0060
2019-04-30 17:54:40.678 Info, Node002, NoOperation::Set - Routing=true
2019-04-30 17:54:40.678 Detail, Node002, Queuing (NoOp) NoOperation_Set (Node=2): 0x01, 0x09, 0x00, 0x13, 0x02, 0x02, 0x00, 0x00, 0x25, 0x0a, 0xca
2019-04-30 17:54:40.678 Detail, Node002, Queuing (Query) Query Stage Complete (CacheLoad)
2019-04-30 17:54:40.678 Detail, Node008,   Expected reply was received
2019-04-30 17:54:40.678 Detail, Node008,   Message transaction complete
2019-04-30 17:54:40.678 Detail, 
2019-04-30 17:54:40.678 Detail, contrlr, Removing current message
2019-04-30 17:54:40.678 Detail, Node001, Notification: DriverReady
2019-04-30 17:54:40.679 Detail, Node001, Notification: NodeAdded
2019-04-30 17:54:40.679 Detail, Node001, Notification: NodeProtocolInfo
2019-04-30 17:54:40.679 Detail, Node001, Notification: EssentialNodeQueriesComplete
2019-04-30 17:54:40.679 Detail, Node001, Notification: ValueAdded
2019-04-30 17:54:40.680 Detail, Node001, Notification: NodeNaming
2019-04-30 17:54:40.680 Detail, Node002, Notification: NodeAdded
2019-04-30 17:54:40.680 Detail, Node002, Notification: NodeProtocolInfo
2019-04-30 17:54:40.680 Detail, Node002, Notification: EssentialNodeQueriesComplete
2019-04-30 17:54:40.680 Detail, Node002, Notification: ValueAdded
2019-04-30 17:54:40.680 Detail, Node002, Notification: ValueAdded
2019-04-30 17:54:40.681 Detail, Node002, Notification: ValueAdded
2019-04-30 17:54:40.681 Detail, Node002, Notification: ValueAdded
2019-04-30 17:54:40.681 Detail, Node002, Notification: ValueAdded
2019-04-30 17:54:40.682 Detail, Node002, Notification: ValueAdded
2019-04-30 17:54:40.682 Detail, Node002, Notification: ValueAdded
2019-04-30 17:54:40.682 Detail, Node002, Notification: ValueAdded
2019-04-30 17:54:40.682 Detail, Node002, Notification: ValueAdded
2019-04-30 17:54:40.682 Detail, Node002, Notification: ValueAdded
2019-04-30 17:54:40.683 Detail, Node002, Notification: ValueAdded
2019-04-30 17:54:40.683 Detail, Node002, Notification: ValueAdded
2019-04-30 17:54:40.683 Detail, Node002, Notification: ValueAdded
2019-04-30 17:54:40.683 Detail, Node002, Notification: ValueAdded
2019-04-30 17:54:40.683 Detail, Node002, Notification: ValueAdded
2019-04-30 17:54:40.683 Detail, Node002, Notification: ValueAdded
2019-04-30 17:54:40.684 Detail, Node002, Notification: ValueAdded
2019-04-30 17:54:40.684 Detail, Node002, Notification: ValueAdded
2019-04-30 17:54:40.684 Detail, Node002, Notification: ValueAdded
2019-04-30 17:54:40.684 Detail, Node002, Notification: ValueAdded
2019-04-30 17:54:40.684 Detail, Node002, Notification: ValueAdded
2019-04-30 17:54:40.685 Detail, Node002, Notification: ValueAdded
2019-04-30 17:54:40.685 Detail, Node002, Notification: ValueAdded
2019-04-30 17:54:40.685 Detail, Node002, Notification: ValueAdded
2019-04-30 17:54:40.685 Detail, Node002, Notification: ValueAdded
2019-04-30 17:54:40.685 Detail, Node002, Notification: ValueAdded
2019-04-30 17:54:40.686 Detail, Node002, Notification: ValueAdded
2019-04-30 17:54:40.686 Detail, Node002, Notification: ValueAdded
2019-04-30 17:54:40.686 Detail, Node002, Notification: ValueAdded
2019-04-30 17:54:40.686 Detail, Node002, Notification: ValueAdded
2019-04-30 17:54:40.686 Detail, Node002, Notification: ValueAdded
2019-04-30 17:54:40.687 Detail, Node002, Notification: ValueAdded
2019-04-30 17:54:40.687 Detail, Node002, Notification: ValueAdded
2019-04-30 17:54:40.687 Detail, Node002, Notification: ValueAdded
2019-04-30 17:54:40.687 Detail, Node002, Notification: ValueAdded
2019-04-30 17:54:40.687 Detail, Node002, Notification: ValueAdded
2019-04-30 17:54:40.688 Detail, Node002, Notification: ValueAdded
2019-04-30 17:54:40.688 Detail, Node002, Notification: ValueAdded
2019-04-30 17:54:40.688 Detail, Node002, Notification: ValueAdded
2019-04-30 17:54:40.688 Detail, Node002, Notification: ValueAdded
2019-04-30 17:54:40.688 Detail, Node002, Notification: ValueAdded
2019-04-30 17:54:40.689 Detail, Node002, Notification: ValueAdded
2019-04-30 17:54:40.689 Detail, Node002, Notification: ValueAdded
2019-04-30 17:54:40.689 Detail, Node002, Notification: ValueAdded
2019-04-30 17:54:40.689 Detail, Node002, Notification: ValueAdded
2019-04-30 17:54:40.689 Detail, Node002, Notification: ValueAdded
2019-04-30 17:54:40.689 Detail, Node002, Notification: ValueAdded
2019-04-30 17:54:40.690 Detail, Node002, Notification: ValueAdded
2019-04-30 17:54:40.690 Detail, Node002, Notification: ValueAdded
2019-04-30 17:54:40.690 Detail, Node002, Notification: ValueAdded
2019-04-30 17:54:40.690 Detail, Node002, Notification: ValueAdded
2019-04-30 17:54:40.690 Detail, Node002, Notification: ValueAdded
2019-04-30 17:54:40.690 Detail, Node002, Notification: ValueAdded
2019-04-30 17:54:40.691 Detail, Node002, Notification: ValueAdded
2019-04-30 17:54:40.691 Detail, Node002, Notification: ValueAdded
2019-04-30 17:54:40.691 Detail, Node002, Notification: ValueAdded
2019-04-30 17:54:40.691 Detail, Node002, Notification: ValueAdded
2019-04-30 17:54:40.691 Detail, Node002, Notification: Group
2019-04-30 17:54:40.691 Detail, Node002, Notification: Group
2019-04-30 17:54:40.691 Detail, Node002, Notification: ValueAdded
2019-04-30 17:54:40.692 Detail, Node002, Notification: ValueAdded
2019-04-30 17:54:40.692 Detail, Node002, Notification: ValueAdded
2019-04-30 17:54:40.692 Detail, Node002, Notification: NodeNaming
2019-04-30 17:54:40.692 Detail, 
2019-04-30 17:54:40.692 Info, contrlr, Sending (Command) message (Callback ID=0x00, Expected Reply=0x06) - FUNC_ID_SERIAL_API_SET_TIMEOUTS: 0x01, 0x05, 0x00, 0x06, 0x64, 0x0f, 0x97
2019-04-30 17:54:40.694 Detail, contrlr,   Received: 0x01, 0x05, 0x01, 0x06, 0x64, 0x0f, 0x96
2019-04-30 17:54:40.694 Detail, 
2019-04-30 17:54:40.694 Info, contrlr, Received reply to FUNC_ID_SERIAL_API_SET_TIMEOUTS
2019-04-30 17:54:40.694 Detail, Node015,   Expected reply was received
2019-04-30 17:54:40.694 Detail, Node015,   Message transaction complete
2019-04-30 17:54:40.694 Detail, 
2019-04-30 17:54:40.694 Detail, contrlr, Removing current message
2019-04-30 17:54:40.694 Detail, 
2019-04-30 17:54:40.694 Info, contrlr, Sending (Command) message (Callback ID=0x00, Expected Reply=0x00) - FUNC_ID_SERIAL_API_APPL_NODE_INFORMATION: 0x01, 0x07, 0x00, 0x03, 0x01, 0x02, 0x01, 0x00, 0xf9
2019-04-30 17:54:40.695 Detail, contrlr, Removing current message
2019-04-30 17:54:40.695 Detail, 
2019-04-30 17:54:40.695 Info, Node001, Sending (Command) message (Callback ID=0x00, Expected Reply=0x80) - Get Routing Info (Node=1): 0x01, 0x07, 0x00, 0x80, 0x01, 0x00, 0x00, 0x03, 0x7a
2019-04-30 17:54:40.700 Detail, Node001,   Received: 0x01, 0x20, 0x01, 0x80, 0x02, 0x00, 0x00, 0x00, 0x00, 0x00, 0x00, 0x00, 0x00, 0x00, 0x00, 0x00, 0x00, 0x00, 0x00, 0x00, 0x00, 0x00, 0x00, 0x00, 0x00, 0x00, 0x00, 0x00, 0x00, 0x00, 0x00, 0x00, 0x00, 0x5c
2019-04-30 17:54:40.700 Detail, 
2019-04-30 17:54:40.700 Info, Node001, Received reply to FUNC_ID_ZW_GET_ROUTING_INFO
2019-04-30 17:54:40.700 Info, Node001,     Neighbors of this node are:
2019-04-30 17:54:40.700 Info, Node001,     Node 2
2019-04-30 17:54:40.700 Detail,   Expected reply was received
2019-04-30 17:54:40.700 Detail,   Message transaction complete
2019-04-30 17:54:40.700 Detail, 
2019-04-30 17:54:40.700 Detail, Node001, Removing current message
2019-04-30 17:54:40.701 Detail, 
2019-04-30 17:54:40.701 Info, Node002, Sending (NoOp) message (Callback ID=0x0a, Expected Reply=0x13) - NoOperation_Set (Node=2): 0x01, 0x09, 0x00, 0x13, 0x02, 0x02, 0x00, 0x00, 0x25, 0x0a, 0xca
2019-04-30 17:54:40.708 Detail, Node002,   Received: 0x01, 0x04, 0x01, 0x13, 0x01, 0xe8
2019-04-30 17:54:40.708 Detail, Node002,   ZW_SEND_DATA delivered to Z-Wave stack
2019-04-30 17:54:40.724 Detail, Node002,   Received: 0x01, 0x07, 0x00, 0x13, 0x0a, 0x00, 0x00, 0x03, 0xe2
2019-04-30 17:54:40.724 Detail, Node002,   ZW_SEND_DATA Request with callback ID 0x0a received (expected 0x0a)
2019-04-30 17:54:40.724 Info, Node002, Request RTT 23 Average Request RTT 23
2019-04-30 17:54:40.725 Detail,   Expected callbackId was received
2019-04-30 17:54:40.725 Detail,   Expected reply was received
2019-04-30 17:54:40.725 Detail,   Message transaction complete
2019-04-30 17:54:40.725 Detail, 
2019-04-30 17:54:40.725 Detail, Node002, Removing current message
2019-04-30 17:54:40.725 Detail, Node002, Notification: Notification - NoOperation
2019-04-30 17:54:40.725 Info, Deleting all return routes from node 2
2019-04-30 17:54:40.725 Detail, Node002, Queuing (Command) ControllerCommand_DeleteAllReturnRoutess (Node=2): 0x01, 0x05, 0x00, 0x47, 0x02, 0x0b, 0xb4
2019-04-30 17:54:40.725 Detail, Notification: ControllerCommand - Starting
2019-04-30 17:54:40.725 Detail, 
2019-04-30 17:54:40.725 Info, Node002, Sending (Command) message (Callback ID=0x0b, Expected Reply=0x47) - ControllerCommand_DeleteAllReturnRoutess (Node=2): 0x01, 0x05, 0x00, 0x47, 0x02, 0x0b, 0xb4
2019-04-30 17:54:40.732 Detail, Node002,   Received: 0x01, 0x04, 0x01, 0x47, 0x01, 0xbc
2019-04-30 17:54:40.732 Detail, 
2019-04-30 17:54:40.732 Info, Node002, Received reply to FUNC_ID_ZW_DELETE_RETURN_ROUTE - command in progress
2019-04-30 17:54:40.732 Detail, Notification: ControllerCommand - InProgress
2019-04-30 17:54:40.875 Detail, Node002,   Received: 0x01, 0x05, 0x00, 0x47, 0x0b, 0x00, 0xb6
2019-04-30 17:54:40.875 Detail, 
2019-04-30 17:54:40.875 Info, Node002, Received reply to FUNC_ID_ZW_DELETE_RETURN_ROUTE for node 2 - SUCCESS
2019-04-30 17:54:40.875 Detail,   Expected callbackId was received
2019-04-30 17:54:40.875 Detail,   Expected reply was received
2019-04-30 17:54:40.875 Detail,   Message transaction complete
2019-04-30 17:54:40.875 Detail, 
2019-04-30 17:54:40.875 Detail, Node002, Removing current message
2019-04-30 17:54:40.875 Detail, Notification: ControllerCommand - Completed
2019-04-30 17:54:40.876 Info, Assigning return route from node 2 to node 1
2019-04-30 17:54:40.876 Detail, Node002, Queuing (Command) ControllerCommand_AssignReturnRoute (Node=2): 0x01, 0x06, 0x00, 0x46, 0x02, 0x01, 0x0c, 0xb0
2019-04-30 17:54:40.876 Detail, Notification: ControllerCommand - Starting
2019-04-30 17:54:40.876 Detail, 
2019-04-30 17:54:40.876 Info, Node002, Sending (Command) message (Callback ID=0x0c, Expected Reply=0x46) - ControllerCommand_AssignReturnRoute (Node=2): 0x01, 0x06, 0x00, 0x46, 0x02, 0x01, 0x0c, 0xb0
2019-04-30 17:54:40.887 Detail, Node002,   Received: 0x01, 0x04, 0x01, 0x46, 0x01, 0xbd
2019-04-30 17:54:40.887 Detail, 
2019-04-30 17:54:40.887 Info, Node002, Received reply to FUNC_ID_ZW_ASSIGN_RETURN_ROUTE - command in progress
2019-04-30 17:54:40.887 Detail, Notification: ControllerCommand - InProgress
2019-04-30 17:54:41.218 Detail, Node002,   Received: 0x01, 0x05, 0x00, 0x46, 0x0c, 0x00, 0xb0
2019-04-30 17:54:41.218 Detail, 
2019-04-30 17:54:41.218 Info, Node002, Received reply to FUNC_ID_ZW_ASSIGN_RETURN_ROUTE for node 2 - SUCCESS
2019-04-30 17:54:41.218 Detail,   Expected callbackId was received
2019-04-30 17:54:41.218 Detail,   Expected reply was received
2019-04-30 17:54:41.218 Detail,   Message transaction complete
2019-04-30 17:54:41.218 Detail, 
2019-04-30 17:54:41.218 Detail, Node002, Removing current message
2019-04-30 17:54:41.219 Detail, Notification: ControllerCommand - Completed
2019-04-30 17:54:41.219 Detail, Node001, Query Stage Complete (Neighbors)
2019-04-30 17:54:41.219 Detail, Node001, AdvanceQueries queryPending=0 queryRetries=0 queryStage=Session live=1
2019-04-30 17:54:41.219 Detail, Node001, QueryStage_Session
2019-04-30 17:54:41.219 Detail, Node001, QueryStage_Dynamic
2019-04-30 17:54:41.219 Detail, Node001, QueryStage_Configuration
2019-04-30 17:54:41.219 Detail, Node001, QueryStage_Complete
2019-04-30 17:54:41.219 Warning, CheckCompletedNodeQueries m_allNodesQueried=0 m_awakeNodesQueried=0
2019-04-30 17:54:41.219 Warning, CheckCompletedNodeQueries all=0, deadFound=0 sleepingOnly=0
2019-04-30 17:54:41.219 Detail, Node001, Notification: NodeQueriesComplete
2019-04-30 17:54:41.220 Detail, Node002, Query Stage Complete (CacheLoad)
2019-04-30 17:54:41.220 Detail, Node002, AdvanceQueries queryPending=0 queryRetries=0 queryStage=Associations live=1
2019-04-30 17:54:41.220 Detail, Node002, QueryStage_Associations
2019-04-30 17:54:41.220 Info, Node002, Number of association groups reported for node 2 is 2.
2019-04-30 17:54:41.220 Info, Node002, Get Associations for group 1 of node 2
2019-04-30 17:54:41.220 Detail, Node002, Queuing (Send) AssociationCmd_Get (Node=2): 0x01, 0x0a, 0x00, 0x13, 0x02, 0x03, 0x85, 0x02, 0x01, 0x25, 0x0d, 0x49
2019-04-30 17:54:41.220 Detail, Node002, Queuing (Query) Query Stage Complete (Associations)
2019-04-30 17:54:41.220 Detail, 
2019-04-30 17:54:41.220 Info, Node002, Sending (Send) message (Callback ID=0x0d, Expected Reply=0x04) - AssociationCmd_Get (Node=2): 0x01, 0x0a, 0x00, 0x13, 0x02, 0x03, 0x85, 0x02, 0x01, 0x25, 0x0d, 0x49
2019-04-30 17:54:41.228 Detail, Node002,   Received: 0x01, 0x04, 0x01, 0x13, 0x01, 0xe8
2019-04-30 17:54:41.228 Detail, Node002,   ZW_SEND_DATA delivered to Z-Wave stack
2019-04-30 17:54:41.244 Detail, Node002,   Received: 0x01, 0x07, 0x00, 0x13, 0x0d, 0x00, 0x00, 0x03, 0xe5
2019-04-30 17:54:41.244 Detail, Node002,   ZW_SEND_DATA Request with callback ID 0x0d received (expected 0x0d)
2019-04-30 17:54:41.244 Info, Node002, Request RTT 24 Average Request RTT 23
2019-04-30 17:54:41.244 Detail,   Expected callbackId was received
2019-04-30 17:54:41.254 Detail, Node002,   Received: 0x01, 0x0c, 0x00, 0x04, 0x00, 0x02, 0x06, 0x85, 0x03, 0x01, 0x05, 0x00, 0x01, 0x70
2019-04-30 17:54:41.254 Detail, 
2019-04-30 17:54:41.254 Info, Node002, Response RTT 33 Average Response RTT 33
2019-04-30 17:54:41.254 Info, Node002, Received Association report from node 2, group 1, containing 1 associations
2019-04-30 17:54:41.254 Info, Node002,   The group contains:
2019-04-30 17:54:41.254 Info, Node002,     Node 1
2019-04-30 17:54:41.254 Info, Node002, Get Associations for group 2 of node 2
2019-04-30 17:54:41.254 Detail, Node002, Queuing (Send) AssociationCmd_Get (Node=2): 0x01, 0x0a, 0x00, 0x13, 0x02, 0x03, 0x85, 0x02, 0x02, 0x25, 0x0e, 0x49
2019-04-30 17:54:41.254 Detail, Node002,   Expected reply and command class was received
2019-04-30 17:54:41.254 Detail, Node002,   Message transaction complete
2019-04-30 17:54:41.255 Detail, 
2019-04-30 17:54:41.255 Detail, Node002, Removing current message
2019-04-30 17:54:41.255 Detail, 
2019-04-30 17:54:41.255 Info, Node002, Sending (Send) message (Callback ID=0x0e, Expected Reply=0x04) - AssociationCmd_Get (Node=2): 0x01, 0x0a, 0x00, 0x13, 0x02, 0x03, 0x85, 0x02, 0x02, 0x25, 0x0e, 0x49
2019-04-30 17:54:41.264 Detail, Node002,   Received: 0x01, 0x04, 0x01, 0x13, 0x01, 0xe8
2019-04-30 17:54:41.264 Detail, Node002,   ZW_SEND_DATA delivered to Z-Wave stack
2019-04-30 17:54:41.281 Detail, Node002,   Received: 0x01, 0x07, 0x00, 0x13, 0x0e, 0x00, 0x00, 0x02, 0xe7
2019-04-30 17:54:41.281 Detail, Node002,   ZW_SEND_DATA Request with callback ID 0x0e received (expected 0x0e)
2019-04-30 17:54:41.281 Info, Node002, Request RTT 26 Average Request RTT 24
2019-04-30 17:54:41.281 Detail,   Expected callbackId was received
2019-04-30 17:54:41.293 Detail, Node002,   Received: 0x01, 0x0b, 0x00, 0x04, 0x00, 0x02, 0x05, 0x85, 0x03, 0x02, 0x05, 0x00, 0x76
2019-04-30 17:54:41.293 Detail, 
2019-04-30 17:54:41.293 Info, Node002, Response RTT 37 Average Response RTT 35
2019-04-30 17:54:41.293 Info, Node002, Received Association report from node 2, group 2, containing 0 associations
2019-04-30 17:54:41.293 Info, Node002, Querying associations for node 2 is complete.
2019-04-30 17:54:41.293 Detail, Node002,   Expected reply and command class was received
2019-04-30 17:54:41.293 Detail, Node002,   Message transaction complete
2019-04-30 17:54:41.293 Detail, 
2019-04-30 17:54:41.293 Detail, Node002, Removing current message
2019-04-30 17:54:41.293 Detail, Node002, Notification: Group
2019-04-30 17:54:41.293 Detail, Node002, Query Stage Complete (Associations)
2019-04-30 17:54:41.293 Detail, Node002, AdvanceQueries queryPending=0 queryRetries=0 queryStage=Neighbors live=1
2019-04-30 17:54:41.293 Detail, Node002, QueryStage_Neighbors
2019-04-30 17:54:41.293 Detail, Requesting routing info (neighbor list) for Node 2
2019-04-30 17:54:41.293 Detail, Node002, Queuing (Command) Get Routing Info (Node=2): 0x01, 0x07, 0x00, 0x80, 0x02, 0x00, 0x00, 0x03, 0x79
2019-04-30 17:54:41.293 Detail, Node002, Queuing (Query) Query Stage Complete (Neighbors)
2019-04-30 17:54:41.294 Detail, 
2019-04-30 17:54:41.294 Info, Node002, Sending (Command) message (Callback ID=0x00, Expected Reply=0x80) - Get Routing Info (Node=2): 0x01, 0x07, 0x00, 0x80, 0x02, 0x00, 0x00, 0x03, 0x79
2019-04-30 17:54:41.298 Detail, Node002,   Received: 0x01, 0x20, 0x01, 0x80, 0x01, 0x00, 0x00, 0x00, 0x00, 0x00, 0x00, 0x00, 0x00, 0x00, 0x00, 0x00, 0x00, 0x00, 0x00, 0x00, 0x00, 0x00, 0x00, 0x00, 0x00, 0x00, 0x00, 0x00, 0x00, 0x00, 0x00, 0x00, 0x00, 0x5f
2019-04-30 17:54:41.298 Detail, 
2019-04-30 17:54:41.298 Info, Node002, Received reply to FUNC_ID_ZW_GET_ROUTING_INFO
2019-04-30 17:54:41.299 Info, Node002,     Neighbors of this node are:
2019-04-30 17:54:41.299 Info, Node002,     Node 1
2019-04-30 17:54:41.299 Detail,   Expected reply was received
2019-04-30 17:54:41.299 Detail,   Message transaction complete
2019-04-30 17:54:41.299 Detail, 
2019-04-30 17:54:41.299 Detail, Node002, Removing current message
2019-04-30 17:54:41.299 Detail, Node002, Query Stage Complete (Neighbors)
2019-04-30 17:54:41.299 Detail, Node002, AdvanceQueries queryPending=0 queryRetries=0 queryStage=Session live=1
2019-04-30 17:54:41.299 Detail, Node002, QueryStage_Session
2019-04-30 17:54:41.299 Detail, Node002, Queuing (Query) SwitchAllCmd_Get (Node=2): 0x01, 0x09, 0x00, 0x13, 0x02, 0x02, 0x27, 0x02, 0x25, 0x0f, 0xea
2019-04-30 17:54:41.299 Detail, Node002, Queuing (Query) PowerlevelCmd_Get (Node=2): 0x01, 0x09, 0x00, 0x13, 0x02, 0x02, 0x73, 0x02, 0x25, 0x10, 0xa1
2019-04-30 17:54:41.299 Detail, Node002, Queuing (Query) Query Stage Complete (Session)
2019-04-30 17:54:41.299 Detail, 
2019-04-30 17:54:41.299 Info, Node002, Sending (Query) message (Callback ID=0x0f, Expected Reply=0x04) - SwitchAllCmd_Get (Node=2): 0x01, 0x09, 0x00, 0x13, 0x02, 0x02, 0x27, 0x02, 0x25, 0x0f, 0xea
2019-04-30 17:54:41.307 Detail, Node002,   Received: 0x01, 0x04, 0x01, 0x13, 0x01, 0xe8
2019-04-30 17:54:41.307 Detail, Node002,   ZW_SEND_DATA delivered to Z-Wave stack
2019-04-30 17:54:41.323 Detail, Node002,   Received: 0x01, 0x07, 0x00, 0x13, 0x0f, 0x00, 0x00, 0x02, 0xe6
2019-04-30 17:54:41.323 Detail, Node002,   ZW_SEND_DATA Request with callback ID 0x0f received (expected 0x0f)
2019-04-30 17:54:41.323 Info, Node002, Request RTT 23 Average Request RTT 23
2019-04-30 17:54:41.323 Detail,   Expected callbackId was received
2019-04-30 17:54:41.334 Detail, Node002,   Received: 0x01, 0x09, 0x00, 0x04, 0x00, 0x02, 0x03, 0x27, 0x03, 0xff, 0x28
2019-04-30 17:54:41.334 Detail, 
2019-04-30 17:54:41.334 Info, Node002, Response RTT 34 Average Response RTT 34
2019-04-30 17:54:41.334 Detail, Node002, Initial read of value
2019-04-30 17:54:41.334 Info, Node002, Received SwitchAll report from node 2: On and Off Enabled
2019-04-30 17:54:41.334 Detail, Node002,   Expected reply and command class was received
2019-04-30 17:54:41.334 Detail, Node002,   Message transaction complete
2019-04-30 17:54:41.334 Detail, 
2019-04-30 17:54:41.334 Detail, Node002, Removing current message
2019-04-30 17:54:41.334 Detail, Node002, Notification: ValueChanged
2019-04-30 17:54:41.335 Detail, 
2019-04-30 17:54:41.335 Info, Node002, Sending (Query) message (Callback ID=0x10, Expected Reply=0x04) - PowerlevelCmd_Get (Node=2): 0x01, 0x09, 0x00, 0x13, 0x02, 0x02, 0x73, 0x02, 0x25, 0x10, 0xa1
2019-04-30 17:54:41.343 Detail, Node002,   Received: 0x01, 0x04, 0x01, 0x13, 0x01, 0xe8
2019-04-30 17:54:41.343 Detail, Node002,   ZW_SEND_DATA delivered to Z-Wave stack
2019-04-30 17:54:41.359 Detail, Node002,   Received: 0x01, 0x07, 0x00, 0x13, 0x10, 0x00, 0x00, 0x02, 0xf9
2019-04-30 17:54:41.359 Detail, Node002,   ZW_SEND_DATA Request with callback ID 0x10 received (expected 0x10)
2019-04-30 17:54:41.359 Info, Node002, Request RTT 24 Average Request RTT 23
2019-04-30 17:54:41.359 Detail,   Expected callbackId was received
2019-04-30 17:54:41.371 Detail, Node002,   Received: 0x01, 0x0a, 0x00, 0x04, 0x00, 0x02, 0x04, 0x73, 0x03, 0x00, 0x00, 0x87
2019-04-30 17:54:41.371 Detail, 
2019-04-30 17:54:41.371 Info, Node002, Response RTT 35 Average Response RTT 34
2019-04-30 17:54:41.371 Info, Node002, Received a PowerLevel report: PowerLevel=Normal, Timeout=0
2019-04-30 17:54:41.371 Detail, Node002, Initial read of value
2019-04-30 17:54:41.371 Detail, Node002, Initial read of value
2019-04-30 17:54:41.371 Detail, Node002,   Expected reply and command class was received
2019-04-30 17:54:41.371 Detail, Node002,   Message transaction complete
2019-04-30 17:54:41.371 Detail, 
2019-04-30 17:54:41.371 Detail, Node002, Removing current message
2019-04-30 17:54:41.371 Detail, Node002, Notification: ValueChanged
2019-04-30 17:54:41.372 Detail, Node002, Notification: ValueChanged
2019-04-30 17:54:41.372 Detail, Node002, Query Stage Complete (Session)
2019-04-30 17:54:41.372 Detail, Node002, AdvanceQueries queryPending=0 queryRetries=0 queryStage=Dynamic live=1
2019-04-30 17:54:41.372 Detail, Node002, QueryStage_Dynamic
2019-04-30 17:54:41.372 Detail, Node002, Queuing (Send) SwitchBinaryCmd_Get (Node=2): 0x01, 0x09, 0x00, 0x13, 0x02, 0x02, 0x25, 0x02, 0x25, 0x11, 0xf6
2019-04-30 17:54:41.372 Detail, Node002, Queuing (Send) SwitchMultilevelCmd_Get (Node=2): 0x01, 0x09, 0x00, 0x13, 0x02, 0x02, 0x26, 0x02, 0x25, 0x12, 0xf6
2019-04-30 17:54:41.372 Detail, Node002, Queuing (Send) MeterCmd_Get (Node=2): 0x01, 0x0a, 0x00, 0x13, 0x02, 0x03, 0x32, 0x01, 0x00, 0x25, 0x13, 0xe2
2019-04-30 17:54:41.372 Detail, Node002, Queuing (Send) MeterCmd_Get (Node=2): 0x01, 0x0a, 0x00, 0x13, 0x02, 0x03, 0x32, 0x01, 0x10, 0x25, 0x14, 0xf5
2019-04-30 17:54:41.372 Detail, Node002, Queuing (Send) MeterCmd_Get (Node=2): 0x01, 0x0a, 0x00, 0x13, 0x02, 0x03, 0x32, 0x01, 0x20, 0x25, 0x15, 0xc4
2019-04-30 17:54:41.372 Detail, Node002, Queuing (Send) MeterCmd_Get (Node=2): 0x01, 0x0a, 0x00, 0x13, 0x02, 0x03, 0x32, 0x01, 0x28, 0x25, 0x16, 0xcf
2019-04-30 17:54:41.372 Detail, Node002, Queuing (Send) ColorCmd_Get (Node=2): 0x01, 0x0a, 0x00, 0x13, 0x02, 0x03, 0x33, 0x03, 0x02, 0x25, 0x17, 0xe7
2019-04-30 17:54:41.372 Detail, Node002, Queuing (Send) ColorCmd_Get (Node=2): 0x01, 0x0a, 0x00, 0x13, 0x02, 0x03, 0x33, 0x03, 0x03, 0x25, 0x18, 0xe9
2019-04-30 17:54:41.372 Detail, Node002, Queuing (Send) ColorCmd_Get (Node=2): 0x01, 0x0a, 0x00, 0x13, 0x02, 0x03, 0x33, 0x03, 0x04, 0x25, 0x19, 0xef
2019-04-30 17:54:41.373 Detail, Node002, Queuing (Send) ClockCmd_Get (Node=2): 0x01, 0x09, 0x00, 0x13, 0x02, 0x02, 0x81, 0x05, 0x25, 0x1a, 0x5e
2019-04-30 17:54:41.373 Detail, Node002, Queuing (Query) Query Stage Complete (Dynamic)
2019-04-30 17:54:41.373 Detail, 
2019-04-30 17:54:41.373 Info, Node002, Sending (Send) message (Callback ID=0x11, Expected Reply=0x04) - SwitchBinaryCmd_Get (Node=2): 0x01, 0x09, 0x00, 0x13, 0x02, 0x02, 0x25, 0x02, 0x25, 0x11, 0xf6
2019-04-30 17:54:41.381 Detail, Node002,   Received: 0x01, 0x04, 0x01, 0x13, 0x01, 0xe8
2019-04-30 17:54:41.381 Detail, Node002,   ZW_SEND_DATA delivered to Z-Wave stack
2019-04-30 17:54:41.397 Detail, Node002,   Received: 0x01, 0x07, 0x00, 0x13, 0x11, 0x00, 0x00, 0x02, 0xf8
2019-04-30 17:54:41.397 Detail, Node002,   ZW_SEND_DATA Request with callback ID 0x11 received (expected 0x11)
2019-04-30 17:54:41.397 Info, Node002, Request RTT 23 Average Request RTT 23
2019-04-30 17:54:41.397 Detail,   Expected callbackId was received
2019-04-30 17:54:41.408 Detail, Node002,   Received: 0x01, 0x09, 0x00, 0x04, 0x00, 0x02, 0x03, 0x25, 0x03, 0xff, 0x2a
2019-04-30 17:54:41.408 Detail, 
2019-04-30 17:54:41.408 Info, Node002, Response RTT 34 Average Response RTT 34
2019-04-30 17:54:41.408 Info, Node002, Received SwitchBinary report from node 2: level=On
2019-04-30 17:54:41.408 Detail, Node002, Initial read of value
2019-04-30 17:54:41.408 Detail, Node002,   Expected reply and command class was received
2019-04-30 17:54:41.408 Detail, Node002,   Message transaction complete
2019-04-30 17:54:41.408 Detail, 
2019-04-30 17:54:41.408 Detail, Node002, Removing current message
2019-04-30 17:54:41.408 Detail, Node002, Notification: ValueChanged
2019-04-30 17:54:41.409 Detail, 
2019-04-30 17:54:41.409 Info, Node002, Sending (Send) message (Callback ID=0x12, Expected Reply=0x04) - SwitchMultilevelCmd_Get (Node=2): 0x01, 0x09, 0x00, 0x13, 0x02, 0x02, 0x26, 0x02, 0x25, 0x12, 0xf6
2019-04-30 17:54:41.417 Detail, Node002,   Received: 0x01, 0x04, 0x01, 0x13, 0x01, 0xe8
2019-04-30 17:54:41.417 Detail, Node002,   ZW_SEND_DATA delivered to Z-Wave stack
2019-04-30 17:54:41.433 Detail, Node002,   Received: 0x01, 0x07, 0x00, 0x13, 0x12, 0x00, 0x00, 0x03, 0xfa
2019-04-30 17:54:41.433 Detail, Node002,   ZW_SEND_DATA Request with callback ID 0x12 received (expected 0x12)
2019-04-30 17:54:41.434 Info, Node002, Request RTT 24 Average Request RTT 23
2019-04-30 17:54:41.434 Detail,   Expected callbackId was received
2019-04-30 17:54:41.444 Detail, Node002,   Received: 0x01, 0x09, 0x00, 0x04, 0x00, 0x02, 0x03, 0x26, 0x03, 0x63, 0xb5
2019-04-30 17:54:41.445 Detail, 
2019-04-30 17:54:41.445 Info, Node002, Response RTT 35 Average Response RTT 34
2019-04-30 17:54:41.445 Info, Node002, Received SwitchMultiLevel report: level=99
2019-04-30 17:54:41.445 Detail, Node002, Initial read of value
2019-04-30 17:54:41.445 Detail, Node002,   Expected reply and command class was received
2019-04-30 17:54:41.445 Detail, Node002,   Message transaction complete
2019-04-30 17:54:41.445 Detail, 
2019-04-30 17:54:41.445 Detail, Node002, Removing current message
2019-04-30 17:54:41.445 Detail, Node002, Notification: ValueChanged
2019-04-30 17:54:41.445 Detail, 
2019-04-30 17:54:41.445 Info, Node002, Sending (Send) message (Callback ID=0x13, Expected Reply=0x04) - MeterCmd_Get (Node=2): 0x01, 0x0a, 0x00, 0x13, 0x02, 0x03, 0x32, 0x01, 0x00, 0x25, 0x13, 0xe2
2019-04-30 17:54:41.454 Detail, Node002,   Received: 0x01, 0x04, 0x01, 0x13, 0x01, 0xe8
2019-04-30 17:54:41.454 Detail, Node002,   ZW_SEND_DATA delivered to Z-Wave stack
2019-04-30 17:54:41.470 Detail, Node002,   Received: 0x01, 0x07, 0x00, 0x13, 0x13, 0x00, 0x00, 0x02, 0xfa
2019-04-30 17:54:41.470 Detail, Node002,   ZW_SEND_DATA Request with callback ID 0x13 received (expected 0x13)
2019-04-30 17:54:41.470 Info, Node002, Request RTT 24 Average Request RTT 23
2019-04-30 17:54:41.470 Detail,   Expected callbackId was received
2019-04-30 17:54:41.483 Detail, Node002,   Received: 0x01, 0x14, 0x00, 0x04, 0x00, 0x02, 0x0e, 0x32, 0x02, 0x21, 0x64, 0x00, 0x00, 0x00, 0x71, 0x01, 0xa4, 0x00, 0x00, 0x00, 0x6e, 0x2c
2019-04-30 17:54:41.483 Detail, 
2019-04-30 17:54:41.483 Info, Node002, Response RTT 37 Average Response RTT 35
2019-04-30 17:54:41.483 Detail, Node002, Initial read of value
2019-04-30 17:54:41.483 Info, Node002, Received Meter report from node 2: Energy=0.113kWh
2019-04-30 17:54:41.483 Detail, Node002, Initial read of value
2019-04-30 17:54:41.483 Info, Node002,     Previous value was 0.110kWh, received 420 seconds ago.
2019-04-30 17:54:41.483 Detail, Node002, Initial read of value
2019-04-30 17:54:41.483 Detail, Node002, Initial read of value
2019-04-30 17:54:41.483 Detail, Node002,   Expected reply and command class was received
2019-04-30 17:54:41.483 Detail, Node002,   Message transaction complete
2019-04-30 17:54:41.483 Detail, 
2019-04-30 17:54:41.484 Detail, Node002, Removing current message
2019-04-30 17:54:41.484 Detail, Node002, Notification: ValueChanged
2019-04-30 17:54:41.484 Detail, Node002, Notification: ValueChanged
2019-04-30 17:54:41.484 Detail, Node002, Notification: ValueChanged
2019-04-30 17:54:41.484 Detail, Node002, Notification: ValueChanged
2019-04-30 17:54:41.484 Detail, 
2019-04-30 17:54:41.484 Info, Node002, Sending (Send) message (Callback ID=0x14, Expected Reply=0x04) - MeterCmd_Get (Node=2): 0x01, 0x0a, 0x00, 0x13, 0x02, 0x03, 0x32, 0x01, 0x10, 0x25, 0x14, 0xf5
2019-04-30 17:54:41.492 Detail, Node002,   Received: 0x01, 0x04, 0x01, 0x13, 0x01, 0xe8
2019-04-30 17:54:41.492 Detail, Node002,   ZW_SEND_DATA delivered to Z-Wave stack
2019-04-30 17:54:41.508 Detail, Node002,   Received: 0x01, 0x07, 0x00, 0x13, 0x14, 0x00, 0x00, 0x02, 0xfd
2019-04-30 17:54:41.509 Detail, Node002,   ZW_SEND_DATA Request with callback ID 0x14 received (expected 0x14)
2019-04-30 17:54:41.509 Info, Node002, Request RTT 24 Average Request RTT 23
2019-04-30 17:54:41.509 Detail,   Expected callbackId was received
2019-04-30 17:54:41.521 Detail, Node002,   Received: 0x01, 0x14, 0x00, 0x04, 0x00, 0x02, 0x0e, 0x32, 0x02, 0x21, 0x74, 0x00, 0x00, 0x57, 0x47, 0x00, 0x00, 0x00, 0x00, 0x00, 0x00, 0x96
2019-04-30 17:54:41.521 Detail, 
2019-04-30 17:54:41.522 Info, Node002, Response RTT 36 Average Response RTT 35
2019-04-30 17:54:41.522 Detail, Node002, Refreshed Value: old value=false, new value=false, type=bool
2019-04-30 17:54:41.522 Detail, Node002, Changes to this value are not verified
2019-04-30 17:54:41.522 Info, Node002, Received Meter report from node 2: Power=22.343W
2019-04-30 17:54:41.522 Detail, Node002, Initial read of value
2019-04-30 17:54:41.522 Detail, Node002,   Expected reply and command class was received
2019-04-30 17:54:41.522 Detail, Node002,   Message transaction complete
2019-04-30 17:54:41.522 Detail, 
2019-04-30 17:54:41.522 Detail, Node002, Removing current message
2019-04-30 17:54:41.522 Detail, Node002, Notification: ValueChanged
2019-04-30 17:54:41.522 Detail, Node002, Notification: ValueChanged
2019-04-30 17:54:41.522 Detail, 
2019-04-30 17:54:41.522 Info, Node002, Sending (Send) message (Callback ID=0x15, Expected Reply=0x04) - MeterCmd_Get (Node=2): 0x01, 0x0a, 0x00, 0x13, 0x02, 0x03, 0x32, 0x01, 0x20, 0x25, 0x15, 0xc4
2019-04-30 17:54:41.530 Detail, Node002,   Received: 0x01, 0x04, 0x01, 0x13, 0x01, 0xe8
2019-04-30 17:54:41.530 Detail, Node002,   ZW_SEND_DATA delivered to Z-Wave stack
2019-04-30 17:54:41.546 Detail, Node002,   Received: 0x01, 0x07, 0x00, 0x13, 0x15, 0x00, 0x00, 0x02, 0xfc
2019-04-30 17:54:41.546 Detail, Node002,   ZW_SEND_DATA Request with callback ID 0x15 received (expected 0x15)
2019-04-30 17:54:41.546 Info, Node002, Request RTT 23 Average Request RTT 23
2019-04-30 17:54:41.546 Detail,   Expected callbackId was received
2019-04-30 17:54:41.559 Detail, Node002,   Received: 0x01, 0x14, 0x00, 0x04, 0x00, 0x02, 0x0e, 0x32, 0x02, 0xa1, 0x64, 0x00, 0x03, 0x92, 0xf1, 0x00, 0x00, 0x00, 0x00, 0x00, 0x00, 0x76
2019-04-30 17:54:41.559 Detail, 
2019-04-30 17:54:41.559 Info, Node002, Response RTT 36 Average Response RTT 35
2019-04-30 17:54:41.559 Detail, Node002, Refreshed Value: old value=false, new value=false, type=bool
2019-04-30 17:54:41.560 Detail, Node002, Changes to this value are not verified
2019-04-30 17:54:41.560 Info, Node002, Received Meter report from node 2: Voltage=234.225V
2019-04-30 17:54:41.560 Detail, Node002, Initial read of value
2019-04-30 17:54:41.560 Detail, Node002,   Expected reply and command class was received
2019-04-30 17:54:41.560 Detail, Node002,   Message transaction complete
2019-04-30 17:54:41.560 Detail, 
2019-04-30 17:54:41.560 Detail, Node002, Removing current message
2019-04-30 17:54:41.560 Detail, Node002, Notification: ValueChanged
2019-04-30 17:54:41.560 Detail, Node002, Notification: ValueChanged
2019-04-30 17:54:41.560 Detail, 
2019-04-30 17:54:41.560 Info, Node002, Sending (Send) message (Callback ID=0x16, Expected Reply=0x04) - MeterCmd_Get (Node=2): 0x01, 0x0a, 0x00, 0x13, 0x02, 0x03, 0x32, 0x01, 0x28, 0x25, 0x16, 0xcf
2019-04-30 17:54:41.569 Detail, Node002,   Received: 0x01, 0x04, 0x01, 0x13, 0x01, 0xe8
2019-04-30 17:54:41.570 Detail, Node002,   ZW_SEND_DATA delivered to Z-Wave stack
2019-04-30 17:54:41.584 Detail, Node002,   Received: 0x01, 0x07, 0x00, 0x13, 0x16, 0x00, 0x00, 0x03, 0xfe
2019-04-30 17:54:41.585 Detail, Node002,   ZW_SEND_DATA Request with callback ID 0x16 received (expected 0x16)
2019-04-30 17:54:41.585 Info, Node002, Request RTT 24 Average Request RTT 23
2019-04-30 17:54:41.585 Detail,   Expected callbackId was received
2019-04-30 17:54:41.597 Detail, Node002,   Received: 0x01, 0x14, 0x00, 0x04, 0x00, 0x02, 0x0e, 0x32, 0x02, 0xa1, 0x6c, 0x00, 0x00, 0x00, 0xb2, 0x00, 0x00, 0x00, 0x00, 0x00, 0x00, 0xac
2019-04-30 17:54:41.597 Detail, 
2019-04-30 17:54:41.598 Info, Node002, Response RTT 37 Average Response RTT 36
2019-04-30 17:54:41.598 Detail, Node002, Refreshed Value: old value=false, new value=false, type=bool
2019-04-30 17:54:41.598 Detail, Node002, Changes to this value are not verified
2019-04-30 17:54:41.598 Info, Node002, Received Meter report from node 2: Current=0.178A
2019-04-30 17:54:41.598 Detail, Node002, Initial read of value
2019-04-30 17:54:41.598 Detail, Node002,   Expected reply and command class was received
2019-04-30 17:54:41.598 Detail, Node002,   Message transaction complete
2019-04-30 17:54:41.598 Detail, 
2019-04-30 17:54:41.598 Detail, Node002, Removing current message
2019-04-30 17:54:41.598 Detail, Node002, Notification: ValueChanged
2019-04-30 17:54:41.598 Detail, Node002, Notification: ValueChanged
2019-04-30 17:54:41.599 Detail, 
2019-04-30 17:54:41.599 Info, Node002, Sending (Send) message (Callback ID=0x17, Expected Reply=0x04) - ColorCmd_Get (Node=2): 0x01, 0x0a, 0x00, 0x13, 0x02, 0x03, 0x33, 0x03, 0x02, 0x25, 0x17, 0xe7
2019-04-30 17:54:41.607 Detail, Node002,   Received: 0x01, 0x04, 0x01, 0x13, 0x01, 0xe8
2019-04-30 17:54:41.607 Detail, Node002,   ZW_SEND_DATA delivered to Z-Wave stack
2019-04-30 17:54:41.623 Detail, Node002,   Received: 0x01, 0x07, 0x00, 0x13, 0x17, 0x00, 0x00, 0x02, 0xfe
2019-04-30 17:54:41.623 Detail, Node002,   ZW_SEND_DATA Request with callback ID 0x17 received (expected 0x17)
2019-04-30 17:54:41.623 Info, Node002, Request RTT 24 Average Request RTT 23
2019-04-30 17:54:41.623 Detail,   Expected callbackId was received
2019-04-30 17:54:41.634 Detail, Node002,   Received: 0x01, 0x0a, 0x00, 0x04, 0x00, 0x02, 0x04, 0x33, 0x04, 0x02, 0x1b, 0xd9
2019-04-30 17:54:41.634 Detail, 
2019-04-30 17:54:41.634 Info, Node002, Response RTT 35 Average Response RTT 35
2019-04-30 17:54:41.634 Detail, Node002,   Expected reply and command class was received
2019-04-30 17:54:41.634 Detail, Node002,   Message transaction complete
2019-04-30 17:54:41.634 Detail, 
2019-04-30 17:54:41.634 Detail, Node002, Removing current message
2019-04-30 17:54:41.635 Detail, 
2019-04-30 17:54:41.635 Info, Node002, Sending (Send) message (Callback ID=0x18, Expected Reply=0x04) - ColorCmd_Get (Node=2): 0x01, 0x0a, 0x00, 0x13, 0x02, 0x03, 0x33, 0x03, 0x03, 0x25, 0x18, 0xe9
2019-04-30 17:54:41.643 Detail, Node002,   Received: 0x01, 0x04, 0x01, 0x13, 0x01, 0xe8
2019-04-30 17:54:41.643 Detail, Node002,   ZW_SEND_DATA delivered to Z-Wave stack
2019-04-30 17:54:41.659 Detail, Node002,   Received: 0x01, 0x07, 0x00, 0x13, 0x18, 0x00, 0x00, 0x02, 0xf1
2019-04-30 17:54:41.659 Detail, Node002,   ZW_SEND_DATA Request with callback ID 0x18 received (expected 0x18)
2019-04-30 17:54:41.659 Info, Node002, Request RTT 24 Average Request RTT 23
2019-04-30 17:54:41.659 Detail,   Expected callbackId was received
2019-04-30 17:54:41.671 Detail, Node002,   Received: 0x01, 0x0a, 0x00, 0x04, 0x00, 0x02, 0x04, 0x33, 0x04, 0x03, 0x14, 0xd7
2019-04-30 17:54:41.671 Detail, 
2019-04-30 17:54:41.671 Info, Node002, Response RTT 36 Average Response RTT 35
2019-04-30 17:54:41.671 Detail, Node002,   Expected reply and command class was received
2019-04-30 17:54:41.671 Detail, Node002,   Message transaction complete
2019-04-30 17:54:41.671 Detail, 
2019-04-30 17:54:41.671 Detail, Node002, Removing current message
2019-04-30 17:54:41.671 Detail, 
2019-04-30 17:54:41.671 Info, Node002, Sending (Send) message (Callback ID=0x19, Expected Reply=0x04) - ColorCmd_Get (Node=2): 0x01, 0x0a, 0x00, 0x13, 0x02, 0x03, 0x33, 0x03, 0x04, 0x25, 0x19, 0xef
2019-04-30 17:54:41.680 Detail, Node002,   Received: 0x01, 0x04, 0x01, 0x13, 0x01, 0xe8
2019-04-30 17:54:41.680 Detail, Node002,   ZW_SEND_DATA delivered to Z-Wave stack
2019-04-30 17:54:41.696 Detail, Node002,   Received: 0x01, 0x07, 0x00, 0x13, 0x19, 0x00, 0x00, 0x02, 0xf0
2019-04-30 17:54:41.696 Detail, Node002,   ZW_SEND_DATA Request with callback ID 0x19 received (expected 0x19)
2019-04-30 17:54:41.696 Info, Node002, Request RTT 24 Average Request RTT 23
2019-04-30 17:54:41.697 Detail,   Expected callbackId was received
2019-04-30 17:54:41.707 Detail, Node002,   Received: 0x01, 0x0a, 0x00, 0x04, 0x00, 0x02, 0x04, 0x33, 0x04, 0x04, 0x1b, 0xdf
2019-04-30 17:54:41.707 Detail, 
2019-04-30 17:54:41.707 Info, Node002, Response RTT 35 Average Response RTT 35
2019-04-30 17:54:41.708 Info, Node002, Received a updated Color from Device: #1B141B
2019-04-30 17:54:41.708 Detail, Node002, Initial read of value
2019-04-30 17:54:41.708 Detail, Node002, Initial read of value
2019-04-30 17:54:41.708 Detail, Node002,   Expected reply and command class was received
2019-04-30 17:54:41.708 Detail, Node002,   Message transaction complete
2019-04-30 17:54:41.708 Detail, 
2019-04-30 17:54:41.708 Detail, Node002, Removing current message
2019-04-30 17:54:41.708 Detail, Node002, Notification: ValueChanged
2019-04-30 17:54:41.708 Detail, Node002, Notification: ValueChanged
2019-04-30 17:54:41.708 Detail, 
2019-04-30 17:54:41.708 Info, Node002, Sending (Send) message (Callback ID=0x1a, Expected Reply=0x04) - ClockCmd_Get (Node=2): 0x01, 0x09, 0x00, 0x13, 0x02, 0x02, 0x81, 0x05, 0x25, 0x1a, 0x5e
2019-04-30 17:54:41.717 Detail, Node002,   Received: 0x01, 0x04, 0x01, 0x13, 0x01, 0xe8
2019-04-30 17:54:41.717 Detail, Node002,   ZW_SEND_DATA delivered to Z-Wave stack
2019-04-30 17:54:41.733 Detail, Node002,   Received: 0x01, 0x07, 0x00, 0x13, 0x1a, 0x00, 0x00, 0x02, 0xf3
2019-04-30 17:54:41.733 Detail, Node002,   ZW_SEND_DATA Request with callback ID 0x1a received (expected 0x1a)
2019-04-30 17:54:41.733 Info, Node002, Request RTT 24 Average Request RTT 23
2019-04-30 17:54:41.733 Detail,   Expected callbackId was received
2019-04-30 17:54:41.744 Detail, Node002,   Received: 0x01, 0x0a, 0x00, 0x04, 0x00, 0x02, 0x04, 0x81, 0x06, 0x02, 0x2c, 0x5e
2019-04-30 17:54:41.744 Detail, 
2019-04-30 17:54:41.744 Info, Node002, Response RTT 35 Average Response RTT 35
2019-04-30 17:54:41.745 Info, Node002, Received Clock report: Invalid 02:44
2019-04-30 17:54:41.745 Detail, Node002, Initial read of value
2019-04-30 17:54:41.745 Detail, Node002, Initial read of value
2019-04-30 17:54:41.745 Detail, Node002,   Expected reply and command class was received
2019-04-30 17:54:41.745 Detail, Node002,   Message transaction complete
2019-04-30 17:54:41.745 Detail, 
2019-04-30 17:54:41.745 Detail, Node002, Removing current message
2019-04-30 17:54:41.745 Detail, Node002, Notification: ValueChanged
2019-04-30 17:54:41.745 Detail, Node002, Notification: ValueChanged
2019-04-30 17:54:41.746 Detail, Node002, Query Stage Complete (Dynamic)
2019-04-30 17:54:41.746 Detail, Node002, AdvanceQueries queryPending=0 queryRetries=0 queryStage=Configuration live=1
2019-04-30 17:54:41.746 Detail, Node002, QueryStage_Configuration
2019-04-30 17:54:41.746 Detail, Node002, QueryStage_Complete
2019-04-30 17:54:41.746 Warning, CheckCompletedNodeQueries m_allNodesQueried=0 m_awakeNodesQueried=0
2019-04-30 17:54:41.746 Warning, CheckCompletedNodeQueries all=1, deadFound=0 sleepingOnly=1
2019-04-30 17:54:41.746 Info,          Node query processing complete.
2019-04-30 17:54:41.746 Detail, Node002, Notification: NodeQueriesComplete
2019-04-30 17:54:41.746 Detail, contrlr, Notification: AllNodesQueried
